Using pre-set license
Built from '2021.2/release' branch; Version is '2021.2.0f1 (4bf1ec4b23c9) revision 4977132'; Using compiler version '192829333'; Build Type 'Release'
OS: 'Windows 10 Enterprise; OS build 18363.1854; Version 1909; 64bit' Language: 'en' Physical Memory: 32586 MB
BatchMode: 1, IsHumanControllingUs: 0, StartBugReporterOnCrash: 0, Is64bit: 1, IsPro: 0

COMMAND LINE ARGUMENTS:
C:\Program Files\Unity\Hub\Editor\2021.2.0f1\Editor\Unity.exe
-adb2
-batchMode
-noUpm
-name
AssetImportWorker2
-projectPath
C:/Users/abueckle/Desktop/NCICancerLab
-logFile
Logs/AssetImportWorker2.log
-srvPort
62350
Successfully changed project path to: C:/Users/abueckle/Desktop/NCICancerLab
C:/Users/abueckle/Desktop/NCICancerLab
[UnityMemory] Configuration Parameters - Can be set up in boot.config
    "memorysetup-bucket-allocator-granularity=16"
    "memorysetup-bucket-allocator-bucket-count=8"
    "memorysetup-bucket-allocator-block-size=33554432"
    "memorysetup-bucket-allocator-block-count=8"
    "memorysetup-main-allocator-block-size=16777216"
    "memorysetup-thread-allocator-block-size=16777216"
    "memorysetup-gfx-main-allocator-block-size=16777216"
    "memorysetup-gfx-thread-allocator-block-size=16777216"
    "memorysetup-cache-allocator-block-size=4194304"
    "memorysetup-typetree-allocator-block-size=2097152"
    "memorysetup-profiler-bucket-allocator-granularity=16"
    "memorysetup-profiler-bucket-allocator-bucket-count=8"
    "memorysetup-profiler-bucket-allocator-block-size=33554432"
    "memorysetup-profiler-bucket-allocator-block-count=8"
    "memorysetup-profiler-allocator-block-size=16777216"
    "memorysetup-profiler-editor-allocator-block-size=1048576"
    "memorysetup-temp-allocator-size-main=16777216"
    "memorysetup-job-temp-allocator-block-size=2097152"
    "memorysetup-job-temp-allocator-block-size-background=1048576"
    "memorysetup-job-temp-allocator-reduction-small-platforms=262144"
    "memorysetup-temp-allocator-size-background-worker=32768"
    "memorysetup-temp-allocator-size-job-worker=262144"
    "memorysetup-temp-allocator-size-preload-manager=33554432"
    "memorysetup-temp-allocator-size-nav-mesh-worker=65536"
    "memorysetup-temp-allocator-size-audio-worker=65536"
    "memorysetup-temp-allocator-size-cloud-worker=32768"
    "memorysetup-temp-allocator-size-gi-baking-worker=262144"
    "memorysetup-temp-allocator-size-gfx=262144"
Refreshing native plugins compatible for Editor in 74.48 ms, found 3 plugins.
Preloading 0 native plugins for Editor in 0.00 ms.
Initialize engine version: 2021.2.0f1 (4bf1ec4b23c9)
[Subsystems] Discovering subsystems at path C:/Program Files/Unity/Hub/Editor/2021.2.0f1/Editor/Data/Resources/UnitySubsystems
[Subsystems] Discovering subsystems at path C:/Users/abueckle/Desktop/NCICancerLab/Assets
GfxDevice: creating device client; threaded=0; jobified=0
Direct3D:
    Version:  Direct3D 11.0 [level 11.1]
    Renderer: NVIDIA GeForce RTX 2080 Super (ID=0x1e93)
    Vendor:   NVIDIA
    VRAM:     8010 MB
    Driver:   30.0.14.9613
Initialize mono
Mono path[0] = 'C:/Program Files/Unity/Hub/Editor/2021.2.0f1/Editor/Data/Managed'
Mono path[1] = 'C:/Program Files/Unity/Hub/Editor/2021.2.0f1/Editor/Data/MonoBleedingEdge/lib/mono/unityjit-win32'
Mono config path = 'C:/Program Files/Unity/Hub/Editor/2021.2.0f1/Editor/Data/MonoBleedingEdge/etc'
Using monoOptions --debugger-agent=transport=dt_socket,embedding=1,server=y,suspend=n,address=127.0.0.1:56520
Begin MonoManager ReloadAssembly
Registering precompiled unity dll's ...
Register platform support module: C:/Program Files/Unity/Hub/Editor/2021.2.0f1/Editor/Data/PlaybackEngines/WebGLSupport/UnityEditor.WebGL.Extensions.dll
Register platform support module: C:/Program Files/Unity/Hub/Editor/2021.2.0f1/Editor/Data/PlaybackEngines/WindowsStandaloneSupport/UnityEditor.WindowsStandalone.Extensions.dll
Registered in 0.007043 seconds.
Native extension for WindowsStandalone target not found
Native extension for WebGL target not found
Refreshing native plugins compatible for Editor in 72.04 ms, found 3 plugins.
Preloading 0 native plugins for Editor in 0.00 ms.
Mono: successfully reloaded assembly
- Completed reload, in  0.946 seconds
Domain Reload Profiling:
	ReloadAssembly (947ms)
		BeginReloadAssembly (64ms)
			ExecutionOrderSort (0ms)
			DisableScriptedObjects (0ms)
			BackupInstance (0ms)
			ReleaseScriptingObjects (0ms)
			CreateAndSetChildDomain (1ms)
		EndReloadAssembly (442ms)
			LoadAssemblies (62ms)
			RebuildTransferFunctionScriptingTraits (0ms)
			SetupTypeCache (102ms)
			ReleaseScriptCaches (0ms)
			RebuildScriptCaches (25ms)
			SetupLoadedEditorAssemblies (268ms)
				LogAssemblyErrors (0ms)
				InitializePlatformSupportModulesInManaged (7ms)
				SetLoadedEditorAssemblies (0ms)
				RefreshPlugins (72ms)
				BeforeProcessingInitializeOnLoad (1ms)
				ProcessInitializeOnLoadAttributes (142ms)
				ProcessInitializeOnLoadMethodAttributes (45ms)
				AfterProcessingInitializeOnLoad (0ms)
				EditorAssembliesLoaded (0ms)
			ExecutionOrderSort2 (0ms)
			AwakeInstancesAfterBackupRestoration (0ms)
Platform modules already initialized, skipping
Registering precompiled user dll's ...
Registered in 0.005386 seconds.
Begin MonoManager ReloadAssembly
Symbol file LoadedFromMemory doesn't match image C:\Users\abueckle\Desktop\NCICancerLab\Library\PackageCache\com.unity.visualscripting@1.7.2\Editor\VisualScripting.Core\Dependencies\YamlDotNet\Unity.VisualScripting.YamlDotNet.dll
Symbol file LoadedFromMemory doesn't match image C:\Users\abueckle\Desktop\NCICancerLab\Library\PackageCache\com.unity.visualscripting@1.7.2\Editor\VisualScripting.Core\Dependencies\DotNetZip\Unity.VisualScripting.IonicZip.dll
Native extension for WindowsStandalone target not found
Native extension for WebGL target not found
Refreshing native plugins compatible for Editor in 0.63 ms, found 3 plugins.
Preloading 0 native plugins for Editor in 0.00 ms.
Mono: successfully reloaded assembly
- Completed reload, in  0.976 seconds
Domain Reload Profiling:
	ReloadAssembly (976ms)
		BeginReloadAssembly (162ms)
			ExecutionOrderSort (0ms)
			DisableScriptedObjects (6ms)
			BackupInstance (0ms)
			ReleaseScriptingObjects (0ms)
			CreateAndSetChildDomain (22ms)
		EndReloadAssembly (727ms)
			LoadAssemblies (66ms)
			RebuildTransferFunctionScriptingTraits (0ms)
			SetupTypeCache (199ms)
			ReleaseScriptCaches (1ms)
			RebuildScriptCaches (42ms)
			SetupLoadedEditorAssemblies (324ms)
				LogAssemblyErrors (0ms)
				InitializePlatformSupportModulesInManaged (12ms)
				SetLoadedEditorAssemblies (0ms)
				RefreshPlugins (1ms)
				BeforeProcessingInitializeOnLoad (66ms)
				ProcessInitializeOnLoadAttributes (217ms)
				ProcessInitializeOnLoadMethodAttributes (20ms)
				AfterProcessingInitializeOnLoad (7ms)
				EditorAssembliesLoaded (0ms)
			ExecutionOrderSort2 (0ms)
			AwakeInstancesAfterBackupRestoration (8ms)
Platform modules already initialized, skipping
========================================================================
Worker process is ready to serve import requests
Launched and connected shader compiler UnityShaderCompiler.exe after 0.10 seconds
Refreshing native plugins compatible for Editor in 0.89 ms, found 3 plugins.
Preloading 0 native plugins for Editor in 0.00 ms.
Unloading 3090 Unused Serialized files (Serialized files now loaded: 0)
Unloading 23 unused Assets / (55.5 KB). Loaded Objects now: 3563.
Memory consumption went from 125.7 MB to 125.6 MB.
Total: 5.158700 ms (FindLiveObjects: 0.431200 ms CreateObjectMapping: 0.370800 ms MarkObjects: 4.220500 ms  DeleteObjects: 0.135300 ms)

AssetImportParameters requested are different than current active one (requested -> active):
  custom:video-decoder-ogg-theora: a1e56fd34408186e4bbccfd4996cb3dc -> 
  custom:container-muxer-webm: aa71ff27fc2769a1b78a27578f13a17b -> 
  custom:container-demuxer-webm: 4f35f7cbe854078d1ac9338744f61a02 -> 
  custom:video-encoder-webm-vp8: eb34c28f22e8b96e1ab97ce403110664 -> 
  custom:audio-encoder-webm-vorbis: bf7c407c2cedff20999df2af8eb42d56 -> 
  custom:framework-win-MediaFoundation: 216162199b28c13a410421893ffa2e32 -> 
  custom:container-demuxer-ogg: 62fdf1f143b41e24485cea50d1cbac27 -> 
  custom:video-decoder-webm-vp8: 9c59270c3fd7afecdb556c50c9e8de78 -> 
  custom:audio-decoder-ogg-vorbis: bf7c407c2cedff20999df2af8eb42d56 -> 
========================================================================
Received Import Request.
  Time since last request: 157330.942157 seconds.
  path: Assets
  artifactKey: Guid(00000000000000001000000000000000) Importer(815301076,1909f56bfc062723c751e8b465ee728b)
Start importing Assets using Guid(00000000000000001000000000000000) Importer(815301076,1909f56bfc062723c751e8b465ee728b)  -> (artifact id: '79842766b460edbeab6a34051e857a80') in 0.010513 seconds 
========================================================================
Received Import Request.
  Time since last request: 5.042096 seconds.
  path: Assets/Prefabs
  artifactKey: Guid(ff958f424917d934183f8f29b8722ead) Importer(815301076,1909f56bfc062723c751e8b465ee728b)
Start importing Assets/Prefabs using Guid(ff958f424917d934183f8f29b8722ead) Importer(815301076,1909f56bfc062723c751e8b465ee728b)  -> (artifact id: '176b557be66dfa9f8850f0d8b0e2927b') in 0.007651 seconds 
========================================================================
Received Import Request.
  Time since last request: 5.820400 seconds.
  path: Assets/Prefabs/TCell.prefab
  artifactKey: Guid(59c8e6dd61d1323418ae90c72338b094) Importer(815301076,1909f56bfc062723c751e8b465ee728b)
Start importing Assets/Prefabs/TCell.prefab using Guid(59c8e6dd61d1323418ae90c72338b094) Importer(815301076,1909f56bfc062723c751e8b465ee728b)  -> (artifact id: 'e8e9232cd9ba6c6c5683d9d038c22451') in 0.100595 seconds 
========================================================================
Received Import Request.
  Time since last request: 88.538260 seconds.
  path: Assets/Textures
  artifactKey: Guid(1915ffe7de72a8d4cb6e45d257c54425) Importer(815301076,1909f56bfc062723c751e8b465ee728b)
Start importing Assets/Textures using Guid(1915ffe7de72a8d4cb6e45d257c54425) Importer(815301076,1909f56bfc062723c751e8b465ee728b)  -> (artifact id: 'e92f6f2b09682b2f96a72eea38923b1d') in 0.007009 seconds 
========================================================================
Received Prepare
Registering precompiled user dll's ...
Registered in 0.005496 seconds.
Begin MonoManager ReloadAssembly
Symbol file LoadedFromMemory doesn't match image C:\Users\abueckle\Desktop\NCICancerLab\Library\PackageCache\com.unity.visualscripting@1.7.2\Editor\VisualScripting.Core\Dependencies\YamlDotNet\Unity.VisualScripting.YamlDotNet.dll
Symbol file LoadedFromMemory doesn't match image C:\Users\abueckle\Desktop\NCICancerLab\Library\PackageCache\com.unity.visualscripting@1.7.2\Editor\VisualScripting.Core\Dependencies\DotNetZip\Unity.VisualScripting.IonicZip.dll
Native extension for WindowsStandalone target not found
Native extension for WebGL target not found
Refreshing native plugins compatible for Editor in 0.58 ms, found 3 plugins.
Preloading 0 native plugins for Editor in 0.00 ms.
Package Manager log level set to [2]
Mono: successfully reloaded assembly
- Completed reload, in  0.948 seconds
Domain Reload Profiling:
	ReloadAssembly (949ms)
		BeginReloadAssembly (121ms)
			ExecutionOrderSort (0ms)
			DisableScriptedObjects (5ms)
			BackupInstance (0ms)
			ReleaseScriptingObjects (0ms)
			CreateAndSetChildDomain (34ms)
		EndReloadAssembly (730ms)
			LoadAssemblies (72ms)
			RebuildTransferFunctionScriptingTraits (0ms)
			SetupTypeCache (199ms)
			ReleaseScriptCaches (1ms)
			RebuildScriptCaches (35ms)
			SetupLoadedEditorAssemblies (319ms)
				LogAssemblyErrors (0ms)
				InitializePlatformSupportModulesInManaged (14ms)
				SetLoadedEditorAssemblies (0ms)
				RefreshPlugins (1ms)
				BeforeProcessingInitializeOnLoad (58ms)
				ProcessInitializeOnLoadAttributes (219ms)
				ProcessInitializeOnLoadMethodAttributes (20ms)
				AfterProcessingInitializeOnLoad (7ms)
				EditorAssembliesLoaded (0ms)
			ExecutionOrderSort2 (0ms)
			AwakeInstancesAfterBackupRestoration (9ms)
Platform modules already initialized, skipping
Refreshing native plugins compatible for Editor in 0.74 ms, found 3 plugins.
Preloading 0 native plugins for Editor in 0.00 ms.
Unloading 3149 Unused Serialized files (Serialized files now loaded: 0)
Unloading 18 unused Assets / (24.6 KB). Loaded Objects now: 3649.
Memory consumption went from 131.2 MB to 131.2 MB.
Total: 2.594500 ms (FindLiveObjects: 0.268300 ms CreateObjectMapping: 0.211900 ms MarkObjects: 2.097400 ms  DeleteObjects: 0.015700 ms)

AssetImportParameters requested are different than current active one (requested -> active):
  custom:video-decoder-ogg-theora: a1e56fd34408186e4bbccfd4996cb3dc -> 
  custom:container-muxer-webm: aa71ff27fc2769a1b78a27578f13a17b -> 
  custom:container-demuxer-webm: 4f35f7cbe854078d1ac9338744f61a02 -> 
  custom:video-encoder-webm-vp8: eb34c28f22e8b96e1ab97ce403110664 -> 
  custom:audio-encoder-webm-vorbis: bf7c407c2cedff20999df2af8eb42d56 -> 
  custom:framework-win-MediaFoundation: 216162199b28c13a410421893ffa2e32 -> 
  custom:container-demuxer-ogg: 62fdf1f143b41e24485cea50d1cbac27 -> 
  custom:video-decoder-webm-vp8: 9c59270c3fd7afecdb556c50c9e8de78 -> 
  custom:audio-decoder-ogg-vorbis: bf7c407c2cedff20999df2af8eb42d56 -> 
========================================================================
Received Prepare
Registering precompiled user dll's ...
Registered in 0.007345 seconds.
Begin MonoManager ReloadAssembly
Symbol file LoadedFromMemory doesn't match image C:\Users\abueckle\Desktop\NCICancerLab\Library\PackageCache\com.unity.visualscripting@1.7.2\Editor\VisualScripting.Core\Dependencies\YamlDotNet\Unity.VisualScripting.YamlDotNet.dll
Symbol file LoadedFromMemory doesn't match image C:\Users\abueckle\Desktop\NCICancerLab\Library\PackageCache\com.unity.visualscripting@1.7.2\Editor\VisualScripting.Core\Dependencies\DotNetZip\Unity.VisualScripting.IonicZip.dll
Native extension for WindowsStandalone target not found
Native extension for WebGL target not found
Refreshing native plugins compatible for Editor in 92.09 ms, found 8 plugins.
Preloading 0 native plugins for Editor in 0.00 ms.
Instance of UnityEngine.XR.OpenXR.OpenXRLoader couldn't be created because there is no script with that name.
UnityEngine.StackTraceUtility:ExtractStackTrace ()
UnityEngine.ScriptableObject:CreateInstance (string)
UnityEditor.XR.Management.EditorUtilities:CreateScriptableObjectInstance (string,string) (at Library/PackageCache/com.unity.xr.management@4.0.7/Editor/EditorUtilities.cs:95)
UnityEditor.XR.Management.XRPackageInitializationBootstrap:InitializeLoaderFromMetadata (string,System.Collections.Generic.List`1<UnityEditor.XR.Management.Metadata.IXRLoaderMetadata>) (at Library/PackageCache/com.unity.xr.management@4.0.7/Editor/XRPackageInitialization.cs:152)
UnityEditor.XR.Management.XRPackageInitializationBootstrap:InitializePackageFromMetadata (UnityEditor.XR.Management.Metadata.IXRPackage,UnityEditor.XR.Management.Metadata.IXRPackageMetadata) (at Library/PackageCache/com.unity.xr.management@4.0.7/Editor/XRPackageInitialization.cs:129)
UnityEditor.XR.Management.XRPackageInitializationBootstrap:InitPackage (UnityEditor.XR.Management.Metadata.IXRPackage) (at Library/PackageCache/com.unity.xr.management@4.0.7/Editor/XRPackageInitialization.cs:118)
UnityEditor.XR.Management.XRPackageInitializationBootstrap:BeginPackageInitialization () (at Library/PackageCache/com.unity.xr.management@4.0.7/Editor/XRPackageInitialization.cs:87)
UnityEditor.XR.Management.XRPackageInitializationBootstrap:.cctor () (at Library/PackageCache/com.unity.xr.management@4.0.7/Editor/XRPackageInitialization.cs:50)
System.Runtime.CompilerServices.RuntimeHelpers:RunClassConstructor (System.RuntimeTypeHandle)
UnityEditor.EditorAssemblies:ProcessInitializeOnLoadAttributes (System.Type[])

[Library/PackageCache/com.unity.xr.management@4.0.7/Editor/EditorUtilities.cs line 95]

We were unable to create an instance of the requested type UnityEngine.XR.OpenXR.OpenXRLoader. Please make sure that all packages are updated to support this version of XR Plug-In Management. See the Unity documentation for XR Plug-In Management for information on resolving this issue.
UnityEngine.StackTraceUtility:ExtractStackTrace ()
UnityEngine.DebugLogHandler:LogFormat (UnityEngine.LogType,UnityEngine.Object,string,object[])
UnityEngine.Logger:Log (UnityEngine.LogType,object)
UnityEngine.Debug:LogError (object)
UnityEditor.XR.Management.EditorUtilities:CreateScriptableObjectInstance (string,string) (at Library/PackageCache/com.unity.xr.management@4.0.7/Editor/EditorUtilities.cs:108)
UnityEditor.XR.Management.XRPackageInitializationBootstrap:InitializeLoaderFromMetadata (string,System.Collections.Generic.List`1<UnityEditor.XR.Management.Metadata.IXRLoaderMetadata>) (at Library/PackageCache/com.unity.xr.management@4.0.7/Editor/XRPackageInitialization.cs:152)
UnityEditor.XR.Management.XRPackageInitializationBootstrap:InitializePackageFromMetadata (UnityEditor.XR.Management.Metadata.IXRPackage,UnityEditor.XR.Management.Metadata.IXRPackageMetadata) (at Library/PackageCache/com.unity.xr.management@4.0.7/Editor/XRPackageInitialization.cs:129)
UnityEditor.XR.Management.XRPackageInitializationBootstrap:InitPackage (UnityEditor.XR.Management.Metadata.IXRPackage) (at Library/PackageCache/com.unity.xr.management@4.0.7/Editor/XRPackageInitialization.cs:118)
UnityEditor.XR.Management.XRPackageInitializationBootstrap:BeginPackageInitialization () (at Library/PackageCache/com.unity.xr.management@4.0.7/Editor/XRPackageInitialization.cs:87)
UnityEditor.XR.Management.XRPackageInitializationBootstrap:.cctor () (at Library/PackageCache/com.unity.xr.management@4.0.7/Editor/XRPackageInitialization.cs:50)
System.Runtime.CompilerServices.RuntimeHelpers:RunClassConstructor (System.RuntimeTypeHandle)
UnityEditor.EditorAssemblies:ProcessInitializeOnLoadAttributes (System.Type[])

(Filename: Library/PackageCache/com.unity.xr.management@4.0.7/Editor/EditorUtilities.cs Line: 108)

Error creating instance of loader OpenXR Loader for package OpenXR XR Plugin
UnityEngine.StackTraceUtility:ExtractStackTrace ()
UnityEngine.DebugLogHandler:LogFormat (UnityEngine.LogType,UnityEngine.Object,string,object[])
UnityEngine.Logger:Log (UnityEngine.LogType,object)
UnityEngine.Debug:LogError (object)
UnityEditor.XR.Management.XRPackageInitializationBootstrap:InitializeLoaderFromMetadata (string,System.Collections.Generic.List`1<UnityEditor.XR.Management.Metadata.IXRLoaderMetadata>) (at Library/PackageCache/com.unity.xr.management@4.0.7/Editor/XRPackageInitialization.cs:157)
UnityEditor.XR.Management.XRPackageInitializationBootstrap:InitializePackageFromMetadata (UnityEditor.XR.Management.Metadata.IXRPackage,UnityEditor.XR.Management.Metadata.IXRPackageMetadata) (at Library/PackageCache/com.unity.xr.management@4.0.7/Editor/XRPackageInitialization.cs:129)
UnityEditor.XR.Management.XRPackageInitializationBootstrap:InitPackage (UnityEditor.XR.Management.Metadata.IXRPackage) (at Library/PackageCache/com.unity.xr.management@4.0.7/Editor/XRPackageInitialization.cs:118)
UnityEditor.XR.Management.XRPackageInitializationBootstrap:BeginPackageInitialization () (at Library/PackageCache/com.unity.xr.management@4.0.7/Editor/XRPackageInitialization.cs:87)
UnityEditor.XR.Management.XRPackageInitializationBootstrap:.cctor () (at Library/PackageCache/com.unity.xr.management@4.0.7/Editor/XRPackageInitialization.cs:50)
System.Runtime.CompilerServices.RuntimeHelpers:RunClassConstructor (System.RuntimeTypeHandle)
UnityEditor.EditorAssemblies:ProcessInitializeOnLoadAttributes (System.Type[])

(Filename: Library/PackageCache/com.unity.xr.management@4.0.7/Editor/XRPackageInitialization.cs Line: 157)

Instance of UnityEngine.XR.OpenXR.OpenXRLoaderNoPreInit couldn't be created because there is no script with that name.
UnityEngine.StackTraceUtility:ExtractStackTrace ()
UnityEngine.ScriptableObject:CreateInstance (string)
UnityEditor.XR.Management.EditorUtilities:CreateScriptableObjectInstance (string,string) (at Library/PackageCache/com.unity.xr.management@4.0.7/Editor/EditorUtilities.cs:95)
UnityEditor.XR.Management.XRPackageInitializationBootstrap:InitializeLoaderFromMetadata (string,System.Collections.Generic.List`1<UnityEditor.XR.Management.Metadata.IXRLoaderMetadata>) (at Library/PackageCache/com.unity.xr.management@4.0.7/Editor/XRPackageInitialization.cs:152)
UnityEditor.XR.Management.XRPackageInitializationBootstrap:InitializePackageFromMetadata (UnityEditor.XR.Management.Metadata.IXRPackage,UnityEditor.XR.Management.Metadata.IXRPackageMetadata) (at Library/PackageCache/com.unity.xr.management@4.0.7/Editor/XRPackageInitialization.cs:129)
UnityEditor.XR.Management.XRPackageInitializationBootstrap:InitPackage (UnityEditor.XR.Management.Metadata.IXRPackage) (at Library/PackageCache/com.unity.xr.management@4.0.7/Editor/XRPackageInitialization.cs:118)
UnityEditor.XR.Management.XRPackageInitializationBootstrap:BeginPackageInitialization () (at Library/PackageCache/com.unity.xr.management@4.0.7/Editor/XRPackageInitialization.cs:87)
UnityEditor.XR.Management.XRPackageInitializationBootstrap:.cctor () (at Library/PackageCache/com.unity.xr.management@4.0.7/Editor/XRPackageInitialization.cs:50)
System.Runtime.CompilerServices.RuntimeHelpers:RunClassConstructor (System.RuntimeTypeHandle)
UnityEditor.EditorAssemblies:ProcessInitializeOnLoadAttributes (System.Type[])

[Library/PackageCache/com.unity.xr.management@4.0.7/Editor/EditorUtilities.cs line 95]

We were unable to create an instance of the requested type UnityEngine.XR.OpenXR.OpenXRLoaderNoPreInit. Please make sure that all packages are updated to support this version of XR Plug-In Management. See the Unity documentation for XR Plug-In Management for information on resolving this issue.
UnityEngine.StackTraceUtility:ExtractStackTrace ()
UnityEngine.DebugLogHandler:LogFormat (UnityEngine.LogType,UnityEngine.Object,string,object[])
UnityEngine.Logger:Log (UnityEngine.LogType,object)
UnityEngine.Debug:LogError (object)
UnityEditor.XR.Management.EditorUtilities:CreateScriptableObjectInstance (string,string) (at Library/PackageCache/com.unity.xr.management@4.0.7/Editor/EditorUtilities.cs:108)
UnityEditor.XR.Management.XRPackageInitializationBootstrap:InitializeLoaderFromMetadata (string,System.Collections.Generic.List`1<UnityEditor.XR.Management.Metadata.IXRLoaderMetadata>) (at Library/PackageCache/com.unity.xr.management@4.0.7/Editor/XRPackageInitialization.cs:152)
UnityEditor.XR.Management.XRPackageInitializationBootstrap:InitializePackageFromMetadata (UnityEditor.XR.Management.Metadata.IXRPackage,UnityEditor.XR.Management.Metadata.IXRPackageMetadata) (at Library/PackageCache/com.unity.xr.management@4.0.7/Editor/XRPackageInitialization.cs:129)
UnityEditor.XR.Management.XRPackageInitializationBootstrap:InitPackage (UnityEditor.XR.Management.Metadata.IXRPackage) (at Library/PackageCache/com.unity.xr.management@4.0.7/Editor/XRPackageInitialization.cs:118)
UnityEditor.XR.Management.XRPackageInitializationBootstrap:BeginPackageInitialization () (at Library/PackageCache/com.unity.xr.management@4.0.7/Editor/XRPackageInitialization.cs:87)
UnityEditor.XR.Management.XRPackageInitializationBootstrap:.cctor () (at Library/PackageCache/com.unity.xr.management@4.0.7/Editor/XRPackageInitialization.cs:50)
System.Runtime.CompilerServices.RuntimeHelpers:RunClassConstructor (System.RuntimeTypeHandle)
UnityEditor.EditorAssemblies:ProcessInitializeOnLoadAttributes (System.Type[])

(Filename: Library/PackageCache/com.unity.xr.management@4.0.7/Editor/EditorUtilities.cs Line: 108)

Error creating instance of loader OpenXR Loader for package OpenXR XR Plugin
UnityEngine.StackTraceUtility:ExtractStackTrace ()
UnityEngine.DebugLogHandler:LogFormat (UnityEngine.LogType,UnityEngine.Object,string,object[])
UnityEngine.Logger:Log (UnityEngine.LogType,object)
UnityEngine.Debug:LogError (object)
UnityEditor.XR.Management.XRPackageInitializationBootstrap:InitializeLoaderFromMetadata (string,System.Collections.Generic.List`1<UnityEditor.XR.Management.Metadata.IXRLoaderMetadata>) (at Library/PackageCache/com.unity.xr.management@4.0.7/Editor/XRPackageInitialization.cs:157)
UnityEditor.XR.Management.XRPackageInitializationBootstrap:InitializePackageFromMetadata (UnityEditor.XR.Management.Metadata.IXRPackage,UnityEditor.XR.Management.Metadata.IXRPackageMetadata) (at Library/PackageCache/com.unity.xr.management@4.0.7/Editor/XRPackageInitialization.cs:129)
UnityEditor.XR.Management.XRPackageInitializationBootstrap:InitPackage (UnityEditor.XR.Management.Metadata.IXRPackage) (at Library/PackageCache/com.unity.xr.management@4.0.7/Editor/XRPackageInitialization.cs:118)
UnityEditor.XR.Management.XRPackageInitializationBootstrap:BeginPackageInitialization () (at Library/PackageCache/com.unity.xr.management@4.0.7/Editor/XRPackageInitialization.cs:87)
UnityEditor.XR.Management.XRPackageInitializationBootstrap:.cctor () (at Library/PackageCache/com.unity.xr.management@4.0.7/Editor/XRPackageInitialization.cs:50)
System.Runtime.CompilerServices.RuntimeHelpers:RunClassConstructor (System.RuntimeTypeHandle)
UnityEditor.EditorAssemblies:ProcessInitializeOnLoadAttributes (System.Type[])

(Filename: Library/PackageCache/com.unity.xr.management@4.0.7/Editor/XRPackageInitialization.cs Line: 157)

Instance of UnityEditor.XR.OpenXR.OpenXRPackageSettings couldn't be created because there is no script with that name.
UnityEngine.StackTraceUtility:ExtractStackTrace ()
UnityEngine.ScriptableObject:CreateInstance (string)
UnityEditor.XR.Management.EditorUtilities:CreateScriptableObjectInstance (string,string) (at Library/PackageCache/com.unity.xr.management@4.0.7/Editor/EditorUtilities.cs:95)
UnityEditor.XR.Management.XRPackageInitializationBootstrap:InitializeSettingsFromMetadata (UnityEditor.XR.Management.Metadata.IXRPackage,string,string) (at Library/PackageCache/com.unity.xr.management@4.0.7/Editor/XRPackageInitialization.cs:183)
UnityEditor.XR.Management.XRPackageInitializationBootstrap:InitializePackageFromMetadata (UnityEditor.XR.Management.Metadata.IXRPackage,UnityEditor.XR.Management.Metadata.IXRPackageMetadata) (at Library/PackageCache/com.unity.xr.management@4.0.7/Editor/XRPackageInitialization.cs:130)
UnityEditor.XR.Management.XRPackageInitializationBootstrap:InitPackage (UnityEditor.XR.Management.Metadata.IXRPackage) (at Library/PackageCache/com.unity.xr.management@4.0.7/Editor/XRPackageInitialization.cs:118)
UnityEditor.XR.Management.XRPackageInitializationBootstrap:BeginPackageInitialization () (at Library/PackageCache/com.unity.xr.management@4.0.7/Editor/XRPackageInitialization.cs:87)
UnityEditor.XR.Management.XRPackageInitializationBootstrap:.cctor () (at Library/PackageCache/com.unity.xr.management@4.0.7/Editor/XRPackageInitialization.cs:50)
System.Runtime.CompilerServices.RuntimeHelpers:RunClassConstructor (System.RuntimeTypeHandle)
UnityEditor.EditorAssemblies:ProcessInitializeOnLoadAttributes (System.Type[])

[Library/PackageCache/com.unity.xr.management@4.0.7/Editor/EditorUtilities.cs line 95]

We were unable to create an instance of the requested type UnityEditor.XR.OpenXR.OpenXRPackageSettings. Please make sure that all packages are updated to support this version of XR Plug-In Management. See the Unity documentation for XR Plug-In Management for information on resolving this issue.
UnityEngine.StackTraceUtility:ExtractStackTrace ()
UnityEngine.DebugLogHandler:LogFormat (UnityEngine.LogType,UnityEngine.Object,string,object[])
UnityEngine.Logger:Log (UnityEngine.LogType,object)
UnityEngine.Debug:LogError (object)
UnityEditor.XR.Management.EditorUtilities:CreateScriptableObjectInstance (string,string) (at Library/PackageCache/com.unity.xr.management@4.0.7/Editor/EditorUtilities.cs:108)
UnityEditor.XR.Management.XRPackageInitializationBootstrap:InitializeSettingsFromMetadata (UnityEditor.XR.Management.Metadata.IXRPackage,string,string) (at Library/PackageCache/com.unity.xr.management@4.0.7/Editor/XRPackageInitialization.cs:183)
UnityEditor.XR.Management.XRPackageInitializationBootstrap:InitializePackageFromMetadata (UnityEditor.XR.Management.Metadata.IXRPackage,UnityEditor.XR.Management.Metadata.IXRPackageMetadata) (at Library/PackageCache/com.unity.xr.management@4.0.7/Editor/XRPackageInitialization.cs:130)
UnityEditor.XR.Management.XRPackageInitializationBootstrap:InitPackage (UnityEditor.XR.Management.Metadata.IXRPackage) (at Library/PackageCache/com.unity.xr.management@4.0.7/Editor/XRPackageInitialization.cs:118)
UnityEditor.XR.Management.XRPackageInitializationBootstrap:BeginPackageInitialization () (at Library/PackageCache/com.unity.xr.management@4.0.7/Editor/XRPackageInitialization.cs:87)
UnityEditor.XR.Management.XRPackageInitializationBootstrap:.cctor () (at Library/PackageCache/com.unity.xr.management@4.0.7/Editor/XRPackageInitialization.cs:50)
System.Runtime.CompilerServices.RuntimeHelpers:RunClassConstructor (System.RuntimeTypeHandle)
UnityEditor.EditorAssemblies:ProcessInitializeOnLoadAttributes (System.Type[])

(Filename: Library/PackageCache/com.unity.xr.management@4.0.7/Editor/EditorUtilities.cs Line: 108)

Erorr adding new OpenXR Settings object to build settings.
Cannot add null config object with name 'com.unity.xr.openxr.settings4'.
UnityEngine.StackTraceUtility:ExtractStackTrace ()
UnityEngine.DebugLogHandler:LogFormat (UnityEngine.LogType,UnityEngine.Object,string,object[])
UnityEngine.Logger:Log (UnityEngine.LogType,object)
UnityEngine.Debug:Log (object)
UnityEditor.XR.OpenXR.OpenXRManagementSettings:PopulateNewSettingsInstance (UnityEngine.ScriptableObject) (at Library/PackageCache/com.unity.xr.openxr@1.2.8/Editor/OpenXRMangementSettings.cs:65)
UnityEditor.XR.Management.XRPackageInitializationBootstrap:InitializeSettingsFromMetadata (UnityEditor.XR.Management.Metadata.IXRPackage,string,string) (at Library/PackageCache/com.unity.xr.management@4.0.7/Editor/XRPackageInitialization.cs:185)
UnityEditor.XR.Management.XRPackageInitializationBootstrap:InitializePackageFromMetadata (UnityEditor.XR.Management.Metadata.IXRPackage,UnityEditor.XR.Management.Metadata.IXRPackageMetadata) (at Library/PackageCache/com.unity.xr.management@4.0.7/Editor/XRPackageInitialization.cs:130)
UnityEditor.XR.Management.XRPackageInitializationBootstrap:InitPackage (UnityEditor.XR.Management.Metadata.IXRPackage) (at Library/PackageCache/com.unity.xr.management@4.0.7/Editor/XRPackageInitialization.cs:118)
UnityEditor.XR.Management.XRPackageInitializationBootstrap:BeginPackageInitialization () (at Library/PackageCache/com.unity.xr.management@4.0.7/Editor/XRPackageInitialization.cs:87)
UnityEditor.XR.Management.XRPackageInitializationBootstrap:.cctor () (at Library/PackageCache/com.unity.xr.management@4.0.7/Editor/XRPackageInitialization.cs:50)
System.Runtime.CompilerServices.RuntimeHelpers:RunClassConstructor (System.RuntimeTypeHandle)
UnityEditor.EditorAssemblies:ProcessInitializeOnLoadAttributes (System.Type[])

(Filename: Library/PackageCache/com.unity.xr.openxr@1.2.8/Editor/OpenXRMangementSettings.cs Line: 65)

OpenXR XR Plugin package Initialization not completed. You will need to create any instances of the loaders and settings manually before you can use the intended XR Plug-in Package.
UnityEngine.StackTraceUtility:ExtractStackTrace ()
UnityEngine.DebugLogHandler:LogFormat (UnityEngine.LogType,UnityEngine.Object,string,object[])
UnityEngine.Logger:Log (UnityEngine.LogType,object)
UnityEngine.Debug:LogWarning (object)
UnityEditor.XR.Management.XRPackageInitializationBootstrap:InitPackage (UnityEditor.XR.Management.Metadata.IXRPackage) (at Library/PackageCache/com.unity.xr.management@4.0.7/Editor/XRPackageInitialization.cs:120)
UnityEditor.XR.Management.XRPackageInitializationBootstrap:BeginPackageInitialization () (at Library/PackageCache/com.unity.xr.management@4.0.7/Editor/XRPackageInitialization.cs:87)
UnityEditor.XR.Management.XRPackageInitializationBootstrap:.cctor () (at Library/PackageCache/com.unity.xr.management@4.0.7/Editor/XRPackageInitialization.cs:50)
System.Runtime.CompilerServices.RuntimeHelpers:RunClassConstructor (System.RuntimeTypeHandle)
UnityEditor.EditorAssemblies:ProcessInitializeOnLoadAttributes (System.Type[])

(Filename: Library/PackageCache/com.unity.xr.management@4.0.7/Editor/XRPackageInitialization.cs Line: 120)

Mono: successfully reloaded assembly
- Completed reload, in  1.303 seconds
Domain Reload Profiling:
	ReloadAssembly (1303ms)
		BeginReloadAssembly (140ms)
			ExecutionOrderSort (0ms)
			DisableScriptedObjects (5ms)
			BackupInstance (0ms)
			ReleaseScriptingObjects (0ms)
			CreateAndSetChildDomain (41ms)
		EndReloadAssembly (1052ms)
			LoadAssemblies (95ms)
			RebuildTransferFunctionScriptingTraits (0ms)
			SetupTypeCache (266ms)
			ReleaseScriptCaches (2ms)
			RebuildScriptCaches (43ms)
			SetupLoadedEditorAssemblies (505ms)
				LogAssemblyErrors (0ms)
				InitializePlatformSupportModulesInManaged (15ms)
				SetLoadedEditorAssemblies (1ms)
				RefreshPlugins (92ms)
				BeforeProcessingInitializeOnLoad (68ms)
				ProcessInitializeOnLoadAttributes (300ms)
				ProcessInitializeOnLoadMethodAttributes (21ms)
				AfterProcessingInitializeOnLoad (8ms)
				EditorAssembliesLoaded (0ms)
			ExecutionOrderSort2 (0ms)
			AwakeInstancesAfterBackupRestoration (8ms)
Platform modules already initialized, skipping
Refreshing native plugins compatible for Editor in 0.83 ms, found 8 plugins.
Preloading 0 native plugins for Editor in 0.00 ms.
Unloading 3578 Unused Serialized files (Serialized files now loaded: 0)
Unloading 37 unused Assets / (25.6 KB). Loaded Objects now: 4065.
Memory consumption went from 146.6 MB to 146.6 MB.
Total: 3.987300 ms (FindLiveObjects: 0.276000 ms CreateObjectMapping: 0.253900 ms MarkObjects: 3.425500 ms  DeleteObjects: 0.030800 ms)

AssetImportParameters requested are different than current active one (requested -> active):
  custom:video-decoder-ogg-theora: a1e56fd34408186e4bbccfd4996cb3dc -> 
  custom:container-muxer-webm: aa71ff27fc2769a1b78a27578f13a17b -> 
  custom:container-demuxer-webm: 4f35f7cbe854078d1ac9338744f61a02 -> 
  custom:video-encoder-webm-vp8: eb34c28f22e8b96e1ab97ce403110664 -> 
  custom:audio-encoder-webm-vorbis: bf7c407c2cedff20999df2af8eb42d56 -> 
  custom:framework-win-MediaFoundation: 216162199b28c13a410421893ffa2e32 -> 
  custom:container-demuxer-ogg: 62fdf1f143b41e24485cea50d1cbac27 -> 
  custom:video-decoder-webm-vp8: 9c59270c3fd7afecdb556c50c9e8de78 -> 
  custom:audio-decoder-ogg-vorbis: bf7c407c2cedff20999df2af8eb42d56 -> 
========================================================================
Received Prepare
Registering precompiled user dll's ...
Registered in 0.009421 seconds.
Begin MonoManager ReloadAssembly
Symbol file LoadedFromMemory doesn't match image C:\Users\abueckle\Desktop\NCICancerLab\Library\PackageCache\com.unity.visualscripting@1.7.2\Editor\VisualScripting.Core\Dependencies\YamlDotNet\Unity.VisualScripting.YamlDotNet.dll
Symbol file LoadedFromMemory doesn't match image C:\Users\abueckle\Desktop\NCICancerLab\Library\PackageCache\com.unity.visualscripting@1.7.2\Editor\VisualScripting.Core\Dependencies\DotNetZip\Unity.VisualScripting.IonicZip.dll
Native extension for WindowsStandalone target not found
Native extension for WebGL target not found
Refreshing native plugins compatible for Editor in 0.92 ms, found 11 plugins.
Preloading 1 native plugins for Editor in 1.30 ms.
Instance of Unity.XR.Oculus.OculusLoader couldn't be created because there is no script with that name.
UnityEngine.StackTraceUtility:ExtractStackTrace ()
UnityEngine.ScriptableObject:CreateInstance (string)
UnityEditor.XR.Management.EditorUtilities:CreateScriptableObjectInstance (string,string) (at Library/PackageCache/com.unity.xr.management@4.0.7/Editor/EditorUtilities.cs:95)
UnityEditor.XR.Management.XRPackageInitializationBootstrap:InitializeLoaderFromMetadata (string,System.Collections.Generic.List`1<UnityEditor.XR.Management.Metadata.IXRLoaderMetadata>) (at Library/PackageCache/com.unity.xr.management@4.0.7/Editor/XRPackageInitialization.cs:152)
UnityEditor.XR.Management.XRPackageInitializationBootstrap:InitializePackageFromMetadata (UnityEditor.XR.Management.Metadata.IXRPackage,UnityEditor.XR.Management.Metadata.IXRPackageMetadata) (at Library/PackageCache/com.unity.xr.management@4.0.7/Editor/XRPackageInitialization.cs:129)
UnityEditor.XR.Management.XRPackageInitializationBootstrap:InitPackage (UnityEditor.XR.Management.Metadata.IXRPackage) (at Library/PackageCache/com.unity.xr.management@4.0.7/Editor/XRPackageInitialization.cs:118)
UnityEditor.XR.Management.XRPackageInitializationBootstrap:BeginPackageInitialization () (at Library/PackageCache/com.unity.xr.management@4.0.7/Editor/XRPackageInitialization.cs:87)
UnityEditor.XR.Management.XRPackageInitializationBootstrap:.cctor () (at Library/PackageCache/com.unity.xr.management@4.0.7/Editor/XRPackageInitialization.cs:50)
System.Runtime.CompilerServices.RuntimeHelpers:RunClassConstructor (System.RuntimeTypeHandle)
UnityEditor.EditorAssemblies:ProcessInitializeOnLoadAttributes (System.Type[])

[Library/PackageCache/com.unity.xr.management@4.0.7/Editor/EditorUtilities.cs line 95]

We were unable to create an instance of the requested type Unity.XR.Oculus.OculusLoader. Please make sure that all packages are updated to support this version of XR Plug-In Management. See the Unity documentation for XR Plug-In Management for information on resolving this issue.
UnityEngine.StackTraceUtility:ExtractStackTrace ()
UnityEngine.DebugLogHandler:LogFormat (UnityEngine.LogType,UnityEngine.Object,string,object[])
UnityEngine.Logger:Log (UnityEngine.LogType,object)
UnityEngine.Debug:LogError (object)
UnityEditor.XR.Management.EditorUtilities:CreateScriptableObjectInstance (string,string) (at Library/PackageCache/com.unity.xr.management@4.0.7/Editor/EditorUtilities.cs:108)
UnityEditor.XR.Management.XRPackageInitializationBootstrap:InitializeLoaderFromMetadata (string,System.Collections.Generic.List`1<UnityEditor.XR.Management.Metadata.IXRLoaderMetadata>) (at Library/PackageCache/com.unity.xr.management@4.0.7/Editor/XRPackageInitialization.cs:152)
UnityEditor.XR.Management.XRPackageInitializationBootstrap:InitializePackageFromMetadata (UnityEditor.XR.Management.Metadata.IXRPackage,UnityEditor.XR.Management.Metadata.IXRPackageMetadata) (at Library/PackageCache/com.unity.xr.management@4.0.7/Editor/XRPackageInitialization.cs:129)
UnityEditor.XR.Management.XRPackageInitializationBootstrap:InitPackage (UnityEditor.XR.Management.Metadata.IXRPackage) (at Library/PackageCache/com.unity.xr.management@4.0.7/Editor/XRPackageInitialization.cs:118)
UnityEditor.XR.Management.XRPackageInitializationBootstrap:BeginPackageInitialization () (at Library/PackageCache/com.unity.xr.management@4.0.7/Editor/XRPackageInitialization.cs:87)
UnityEditor.XR.Management.XRPackageInitializationBootstrap:.cctor () (at Library/PackageCache/com.unity.xr.management@4.0.7/Editor/XRPackageInitialization.cs:50)
System.Runtime.CompilerServices.RuntimeHelpers:RunClassConstructor (System.RuntimeTypeHandle)
UnityEditor.EditorAssemblies:ProcessInitializeOnLoadAttributes (System.Type[])

(Filename: Library/PackageCache/com.unity.xr.management@4.0.7/Editor/EditorUtilities.cs Line: 108)

Error creating instance of loader Oculus for package Oculus XR Plugin
UnityEngine.StackTraceUtility:ExtractStackTrace ()
UnityEngine.DebugLogHandler:LogFormat (UnityEngine.LogType,UnityEngine.Object,string,object[])
UnityEngine.Logger:Log (UnityEngine.LogType,object)
UnityEngine.Debug:LogError (object)
UnityEditor.XR.Management.XRPackageInitializationBootstrap:InitializeLoaderFromMetadata (string,System.Collections.Generic.List`1<UnityEditor.XR.Management.Metadata.IXRLoaderMetadata>) (at Library/PackageCache/com.unity.xr.management@4.0.7/Editor/XRPackageInitialization.cs:157)
UnityEditor.XR.Management.XRPackageInitializationBootstrap:InitializePackageFromMetadata (UnityEditor.XR.Management.Metadata.IXRPackage,UnityEditor.XR.Management.Metadata.IXRPackageMetadata) (at Library/PackageCache/com.unity.xr.management@4.0.7/Editor/XRPackageInitialization.cs:129)
UnityEditor.XR.Management.XRPackageInitializationBootstrap:InitPackage (UnityEditor.XR.Management.Metadata.IXRPackage) (at Library/PackageCache/com.unity.xr.management@4.0.7/Editor/XRPackageInitialization.cs:118)
UnityEditor.XR.Management.XRPackageInitializationBootstrap:BeginPackageInitialization () (at Library/PackageCache/com.unity.xr.management@4.0.7/Editor/XRPackageInitialization.cs:87)
UnityEditor.XR.Management.XRPackageInitializationBootstrap:.cctor () (at Library/PackageCache/com.unity.xr.management@4.0.7/Editor/XRPackageInitialization.cs:50)
System.Runtime.CompilerServices.RuntimeHelpers:RunClassConstructor (System.RuntimeTypeHandle)
UnityEditor.EditorAssemblies:ProcessInitializeOnLoadAttributes (System.Type[])

(Filename: Library/PackageCache/com.unity.xr.management@4.0.7/Editor/XRPackageInitialization.cs Line: 157)

Instance of Unity.XR.Oculus.OculusSettings couldn't be created because there is no script with that name.
UnityEngine.StackTraceUtility:ExtractStackTrace ()
UnityEngine.ScriptableObject:CreateInstance (string)
UnityEditor.XR.Management.EditorUtilities:CreateScriptableObjectInstance (string,string) (at Library/PackageCache/com.unity.xr.management@4.0.7/Editor/EditorUtilities.cs:95)
UnityEditor.XR.Management.XRPackageInitializationBootstrap:InitializeSettingsFromMetadata (UnityEditor.XR.Management.Metadata.IXRPackage,string,string) (at Library/PackageCache/com.unity.xr.management@4.0.7/Editor/XRPackageInitialization.cs:183)
UnityEditor.XR.Management.XRPackageInitializationBootstrap:InitializePackageFromMetadata (UnityEditor.XR.Management.Metadata.IXRPackage,UnityEditor.XR.Management.Metadata.IXRPackageMetadata) (at Library/PackageCache/com.unity.xr.management@4.0.7/Editor/XRPackageInitialization.cs:130)
UnityEditor.XR.Management.XRPackageInitializationBootstrap:InitPackage (UnityEditor.XR.Management.Metadata.IXRPackage) (at Library/PackageCache/com.unity.xr.management@4.0.7/Editor/XRPackageInitialization.cs:118)
UnityEditor.XR.Management.XRPackageInitializationBootstrap:BeginPackageInitialization () (at Library/PackageCache/com.unity.xr.management@4.0.7/Editor/XRPackageInitialization.cs:87)
UnityEditor.XR.Management.XRPackageInitializationBootstrap:.cctor () (at Library/PackageCache/com.unity.xr.management@4.0.7/Editor/XRPackageInitialization.cs:50)
System.Runtime.CompilerServices.RuntimeHelpers:RunClassConstructor (System.RuntimeTypeHandle)
UnityEditor.EditorAssemblies:ProcessInitializeOnLoadAttributes (System.Type[])

[Library/PackageCache/com.unity.xr.management@4.0.7/Editor/EditorUtilities.cs line 95]

We were unable to create an instance of the requested type Unity.XR.Oculus.OculusSettings. Please make sure that all packages are updated to support this version of XR Plug-In Management. See the Unity documentation for XR Plug-In Management for information on resolving this issue.
UnityEngine.StackTraceUtility:ExtractStackTrace ()
UnityEngine.DebugLogHandler:LogFormat (UnityEngine.LogType,UnityEngine.Object,string,object[])
UnityEngine.Logger:Log (UnityEngine.LogType,object)
UnityEngine.Debug:LogError (object)
UnityEditor.XR.Management.EditorUtilities:CreateScriptableObjectInstance (string,string) (at Library/PackageCache/com.unity.xr.management@4.0.7/Editor/EditorUtilities.cs:108)
UnityEditor.XR.Management.XRPackageInitializationBootstrap:InitializeSettingsFromMetadata (UnityEditor.XR.Management.Metadata.IXRPackage,string,string) (at Library/PackageCache/com.unity.xr.management@4.0.7/Editor/XRPackageInitialization.cs:183)
UnityEditor.XR.Management.XRPackageInitializationBootstrap:InitializePackageFromMetadata (UnityEditor.XR.Management.Metadata.IXRPackage,UnityEditor.XR.Management.Metadata.IXRPackageMetadata) (at Library/PackageCache/com.unity.xr.management@4.0.7/Editor/XRPackageInitialization.cs:130)
UnityEditor.XR.Management.XRPackageInitializationBootstrap:InitPackage (UnityEditor.XR.Management.Metadata.IXRPackage) (at Library/PackageCache/com.unity.xr.management@4.0.7/Editor/XRPackageInitialization.cs:118)
UnityEditor.XR.Management.XRPackageInitializationBootstrap:BeginPackageInitialization () (at Library/PackageCache/com.unity.xr.management@4.0.7/Editor/XRPackageInitialization.cs:87)
UnityEditor.XR.Management.XRPackageInitializationBootstrap:.cctor () (at Library/PackageCache/com.unity.xr.management@4.0.7/Editor/XRPackageInitialization.cs:50)
System.Runtime.CompilerServices.RuntimeHelpers:RunClassConstructor (System.RuntimeTypeHandle)
UnityEditor.EditorAssemblies:ProcessInitializeOnLoadAttributes (System.Type[])

(Filename: Library/PackageCache/com.unity.xr.management@4.0.7/Editor/EditorUtilities.cs Line: 108)

Oculus XR Plugin package Initialization not completed. You will need to create any instances of the loaders and settings manually before you can use the intended XR Plug-in Package.
UnityEngine.StackTraceUtility:ExtractStackTrace ()
UnityEngine.DebugLogHandler:LogFormat (UnityEngine.LogType,UnityEngine.Object,string,object[])
UnityEngine.Logger:Log (UnityEngine.LogType,object)
UnityEngine.Debug:LogWarning (object)
UnityEditor.XR.Management.XRPackageInitializationBootstrap:InitPackage (UnityEditor.XR.Management.Metadata.IXRPackage) (at Library/PackageCache/com.unity.xr.management@4.0.7/Editor/XRPackageInitialization.cs:120)
UnityEditor.XR.Management.XRPackageInitializationBootstrap:BeginPackageInitialization () (at Library/PackageCache/com.unity.xr.management@4.0.7/Editor/XRPackageInitialization.cs:87)
UnityEditor.XR.Management.XRPackageInitializationBootstrap:.cctor () (at Library/PackageCache/com.unity.xr.management@4.0.7/Editor/XRPackageInitialization.cs:50)
System.Runtime.CompilerServices.RuntimeHelpers:RunClassConstructor (System.RuntimeTypeHandle)
UnityEditor.EditorAssemblies:ProcessInitializeOnLoadAttributes (System.Type[])

(Filename: Library/PackageCache/com.unity.xr.management@4.0.7/Editor/XRPackageInitialization.cs Line: 120)

System.Reflection.TargetInvocationException: Exception has been thrown by the target of an invocation. ---> System.NullReferenceException: Object reference not set to an instance of an object
  at Unity.XR.Oculus.OculusLoader.AssetPathToAbsolutePath (System.String assetPath) [0x0003d] in C:\Users\abueckle\Desktop\NCICancerLab\Library\PackageCache\com.unity.xr.oculus@1.10.0\Runtime\OculusLoader.cs:250 
  at Unity.XR.Oculus.OculusLoader.EditorLoadOVRPlugin () [0x0007b] in C:\Users\abueckle\Desktop\NCICancerLab\Library\PackageCache\com.unity.xr.oculus@1.10.0\Runtime\OculusLoader.cs:235 
  at (wrapper managed-to-native) System.Reflection.RuntimeMethodInfo.InternalInvoke(System.Reflection.RuntimeMethodInfo,object,object[],System.Exception&)
  at System.Reflection.RuntimeMethodInfo.Invoke (System.Object obj, System.Reflection.BindingFlags invokeAttr, System.Reflection.Binder binder, System.Object[] parameters, System.Globalization.CultureInfo culture) [0x0006a] in <7b5f9a2f7db343a4ab54846ed680277b>:0 
   --- End of inner exception stack trace ---
  at System.Reflection.RuntimeMethodInfo.Invoke (System.Object obj, System.Reflection.BindingFlags invokeAttr, System.Reflection.Binder binder, System.Object[] parameters, System.Globalization.CultureInfo culture) [0x00083] in <7b5f9a2f7db343a4ab54846ed680277b>:0 
  at System.Reflection.MethodBase.Invoke (System.Object obj, System.Object[] parameters) [0x00000] in <7b5f9a2f7db343a4ab54846ed680277b>:0 
  at UnityEditor.EditorAssemblies.ProcessInitializeOnLoadMethodAttributes () [0x000a5] in <12f9706bdb064a6c8a1d1b6f565a0097>:0 
UnityEngine.StackTraceUtility:ExtractStackTrace ()
UnityEngine.DebugLogHandler:LogFormat (UnityEngine.LogType,UnityEngine.Object,string,object[])
UnityEngine.Logger:Log (UnityEngine.LogType,object)
UnityEngine.Debug:LogError (object)
UnityEditor.EditorAssemblies:ProcessInitializeOnLoadMethodAttributes ()

Mono: successfully reloaded assembly
- Completed reload, in  1.046 seconds
Domain Reload Profiling:
	ReloadAssembly (1046ms)
		BeginReloadAssembly (123ms)
			ExecutionOrderSort (0ms)
			DisableScriptedObjects (4ms)
			BackupInstance (0ms)
			ReleaseScriptingObjects (0ms)
			CreateAndSetChildDomain (34ms)
		EndReloadAssembly (833ms)
			LoadAssemblies (80ms)
			RebuildTransferFunctionScriptingTraits (0ms)
			SetupTypeCache (211ms)
			ReleaseScriptCaches (1ms)
			RebuildScriptCaches (35ms)
			SetupLoadedEditorAssemblies (401ms)
				LogAssemblyErrors (0ms)
				InitializePlatformSupportModulesInManaged (13ms)
				SetLoadedEditorAssemblies (0ms)
				RefreshPlugins (2ms)
				BeforeProcessingInitializeOnLoad (62ms)
				ProcessInitializeOnLoadAttributes (280ms)
				ProcessInitializeOnLoadMethodAttributes (34ms)
				AfterProcessingInitializeOnLoad (9ms)
				EditorAssembliesLoaded (0ms)
			ExecutionOrderSort2 (0ms)
			AwakeInstancesAfterBackupRestoration (7ms)
Platform modules already initialized, skipping
Refreshing native plugins compatible for Editor in 0.90 ms, found 11 plugins.
Preloading 1 native plugins for Editor in 0.07 ms.
Unloading 3603 Unused Serialized files (Serialized files now loaded: 0)
Unloading 38 unused Assets / (27.1 KB). Loaded Objects now: 4101.
Memory consumption went from 147.6 MB to 147.6 MB.
Total: 3.575300 ms (FindLiveObjects: 0.416200 ms CreateObjectMapping: 0.316500 ms MarkObjects: 2.815300 ms  DeleteObjects: 0.026400 ms)

AssetImportParameters requested are different than current active one (requested -> active):
  custom:video-decoder-ogg-theora: a1e56fd34408186e4bbccfd4996cb3dc -> 
  custom:container-muxer-webm: aa71ff27fc2769a1b78a27578f13a17b -> 
  custom:container-demuxer-webm: 4f35f7cbe854078d1ac9338744f61a02 -> 
  custom:video-encoder-webm-vp8: eb34c28f22e8b96e1ab97ce403110664 -> 
  custom:audio-encoder-webm-vorbis: bf7c407c2cedff20999df2af8eb42d56 -> 
  custom:framework-win-MediaFoundation: 216162199b28c13a410421893ffa2e32 -> 
  custom:container-demuxer-ogg: 62fdf1f143b41e24485cea50d1cbac27 -> 
  custom:video-decoder-webm-vp8: 9c59270c3fd7afecdb556c50c9e8de78 -> 
  custom:audio-decoder-ogg-vorbis: bf7c407c2cedff20999df2af8eb42d56 -> 
========================================================================
Received Prepare
Registering precompiled user dll's ...
Registered in 0.009046 seconds.
Begin MonoManager ReloadAssembly
Symbol file LoadedFromMemory doesn't match image C:\Users\abueckle\Desktop\NCICancerLab\Library\PackageCache\com.unity.visualscripting@1.7.2\Editor\VisualScripting.Core\Dependencies\YamlDotNet\Unity.VisualScripting.YamlDotNet.dll
Symbol file LoadedFromMemory doesn't match image C:\Users\abueckle\Desktop\NCICancerLab\Library\PackageCache\com.unity.visualscripting@1.7.2\Editor\VisualScripting.Core\Dependencies\DotNetZip\Unity.VisualScripting.IonicZip.dll
Native extension for WindowsStandalone target not found
Native extension for WebGL target not found
Refreshing native plugins compatible for Editor in 0.87 ms, found 11 plugins.
Preloading 1 native plugins for Editor in 0.07 ms.
System.Reflection.TargetInvocationException: Exception has been thrown by the target of an invocation. ---> System.NullReferenceException: Object reference not set to an instance of an object
  at Unity.XR.Oculus.OculusLoader.AssetPathToAbsolutePath (System.String assetPath) [0x0003d] in C:\Users\abueckle\Desktop\NCICancerLab\Library\PackageCache\com.unity.xr.oculus@1.10.0\Runtime\OculusLoader.cs:250 
  at Unity.XR.Oculus.OculusLoader.EditorLoadOVRPlugin () [0x0007b] in C:\Users\abueckle\Desktop\NCICancerLab\Library\PackageCache\com.unity.xr.oculus@1.10.0\Runtime\OculusLoader.cs:235 
  at (wrapper managed-to-native) System.Reflection.RuntimeMethodInfo.InternalInvoke(System.Reflection.RuntimeMethodInfo,object,object[],System.Exception&)
  at System.Reflection.RuntimeMethodInfo.Invoke (System.Object obj, System.Reflection.BindingFlags invokeAttr, System.Reflection.Binder binder, System.Object[] parameters, System.Globalization.CultureInfo culture) [0x0006a] in <7b5f9a2f7db343a4ab54846ed680277b>:0 
   --- End of inner exception stack trace ---
  at System.Reflection.RuntimeMethodInfo.Invoke (System.Object obj, System.Reflection.BindingFlags invokeAttr, System.Reflection.Binder binder, System.Object[] parameters, System.Globalization.CultureInfo culture) [0x00083] in <7b5f9a2f7db343a4ab54846ed680277b>:0 
  at System.Reflection.MethodBase.Invoke (System.Object obj, System.Object[] parameters) [0x00000] in <7b5f9a2f7db343a4ab54846ed680277b>:0 
  at UnityEditor.EditorAssemblies.ProcessInitializeOnLoadMethodAttributes () [0x000a5] in <12f9706bdb064a6c8a1d1b6f565a0097>:0 
UnityEngine.StackTraceUtility:ExtractStackTrace ()
UnityEngine.DebugLogHandler:LogFormat (UnityEngine.LogType,UnityEngine.Object,string,object[])
UnityEngine.Logger:Log (UnityEngine.LogType,object)
UnityEngine.Debug:LogError (object)
UnityEditor.EditorAssemblies:ProcessInitializeOnLoadMethodAttributes ()

Mono: successfully reloaded assembly
- Completed reload, in  1.050 seconds
Domain Reload Profiling:
	ReloadAssembly (1051ms)
		BeginReloadAssembly (117ms)
			ExecutionOrderSort (0ms)
			DisableScriptedObjects (4ms)
			BackupInstance (0ms)
			ReleaseScriptingObjects (0ms)
			CreateAndSetChildDomain (32ms)
		EndReloadAssembly (843ms)
			LoadAssemblies (76ms)
			RebuildTransferFunctionScriptingTraits (0ms)
			SetupTypeCache (219ms)
			ReleaseScriptCaches (1ms)
			RebuildScriptCaches (35ms)
			SetupLoadedEditorAssemblies (395ms)
				LogAssemblyErrors (0ms)
				InitializePlatformSupportModulesInManaged (12ms)
				SetLoadedEditorAssemblies (0ms)
				RefreshPlugins (1ms)
				BeforeProcessingInitializeOnLoad (59ms)
				ProcessInitializeOnLoadAttributes (285ms)
				ProcessInitializeOnLoadMethodAttributes (30ms)
				AfterProcessingInitializeOnLoad (7ms)
				EditorAssembliesLoaded (0ms)
			ExecutionOrderSort2 (0ms)
			AwakeInstancesAfterBackupRestoration (6ms)
Platform modules already initialized, skipping
Refreshing native plugins compatible for Editor in 0.85 ms, found 11 plugins.
Preloading 1 native plugins for Editor in 0.07 ms.
Unloading 3733 Unused Serialized files (Serialized files now loaded: 0)
Unloading 50 unused Assets / (27.0 KB). Loaded Objects now: 4261.
Memory consumption went from 152.2 MB to 152.1 MB.
Total: 2.594000 ms (FindLiveObjects: 0.264500 ms CreateObjectMapping: 0.214300 ms MarkObjects: 2.087500 ms  DeleteObjects: 0.027100 ms)

AssetImportParameters requested are different than current active one (requested -> active):
  custom:video-decoder-ogg-theora: a1e56fd34408186e4bbccfd4996cb3dc -> 
  custom:container-muxer-webm: aa71ff27fc2769a1b78a27578f13a17b -> 
  custom:container-demuxer-webm: 4f35f7cbe854078d1ac9338744f61a02 -> 
  custom:video-encoder-webm-vp8: eb34c28f22e8b96e1ab97ce403110664 -> 
  custom:audio-encoder-webm-vorbis: bf7c407c2cedff20999df2af8eb42d56 -> 
  custom:framework-win-MediaFoundation: 216162199b28c13a410421893ffa2e32 -> 
  custom:container-demuxer-ogg: 62fdf1f143b41e24485cea50d1cbac27 -> 
  custom:video-decoder-webm-vp8: 9c59270c3fd7afecdb556c50c9e8de78 -> 
  custom:audio-decoder-ogg-vorbis: bf7c407c2cedff20999df2af8eb42d56 -> 
========================================================================
Received Prepare
Registering precompiled user dll's ...
Registered in 0.009757 seconds.
Begin MonoManager ReloadAssembly
Symbol file LoadedFromMemory doesn't match image C:\Users\abueckle\Desktop\NCICancerLab\Library\PackageCache\com.unity.visualscripting@1.7.2\Editor\VisualScripting.Core\Dependencies\YamlDotNet\Unity.VisualScripting.YamlDotNet.dll
Symbol file LoadedFromMemory doesn't match image C:\Users\abueckle\Desktop\NCICancerLab\Library\PackageCache\com.unity.visualscripting@1.7.2\Editor\VisualScripting.Core\Dependencies\DotNetZip\Unity.VisualScripting.IonicZip.dll
Native extension for WindowsStandalone target not found
Native extension for WebGL target not found
Refreshing native plugins compatible for Editor in 1.64 ms, found 11 plugins.
Preloading 1 native plugins for Editor in 0.09 ms.
System.Reflection.TargetInvocationException: Exception has been thrown by the target of an invocation. ---> System.NullReferenceException: Object reference not set to an instance of an object
  at Unity.XR.Oculus.OculusLoader.AssetPathToAbsolutePath (System.String assetPath) [0x0003d] in C:\Users\abueckle\Desktop\NCICancerLab\Library\PackageCache\com.unity.xr.oculus@1.10.0\Runtime\OculusLoader.cs:250 
  at Unity.XR.Oculus.OculusLoader.EditorLoadOVRPlugin () [0x0007b] in C:\Users\abueckle\Desktop\NCICancerLab\Library\PackageCache\com.unity.xr.oculus@1.10.0\Runtime\OculusLoader.cs:235 
  at (wrapper managed-to-native) System.Reflection.RuntimeMethodInfo.InternalInvoke(System.Reflection.RuntimeMethodInfo,object,object[],System.Exception&)
  at System.Reflection.RuntimeMethodInfo.Invoke (System.Object obj, System.Reflection.BindingFlags invokeAttr, System.Reflection.Binder binder, System.Object[] parameters, System.Globalization.CultureInfo culture) [0x0006a] in <7b5f9a2f7db343a4ab54846ed680277b>:0 
   --- End of inner exception stack trace ---
  at System.Reflection.RuntimeMethodInfo.Invoke (System.Object obj, System.Reflection.BindingFlags invokeAttr, System.Reflection.Binder binder, System.Object[] parameters, System.Globalization.CultureInfo culture) [0x00083] in <7b5f9a2f7db343a4ab54846ed680277b>:0 
  at System.Reflection.MethodBase.Invoke (System.Object obj, System.Object[] parameters) [0x00000] in <7b5f9a2f7db343a4ab54846ed680277b>:0 
  at UnityEditor.EditorAssemblies.ProcessInitializeOnLoadMethodAttributes () [0x000a5] in <12f9706bdb064a6c8a1d1b6f565a0097>:0 
UnityEngine.StackTraceUtility:ExtractStackTrace ()
UnityEngine.DebugLogHandler:LogFormat (UnityEngine.LogType,UnityEngine.Object,string,object[])
UnityEngine.Logger:Log (UnityEngine.LogType,object)
UnityEngine.Debug:LogError (object)
UnityEditor.EditorAssemblies:ProcessInitializeOnLoadMethodAttributes ()

Mono: successfully reloaded assembly
- Completed reload, in  1.213 seconds
Domain Reload Profiling:
	ReloadAssembly (1214ms)
		BeginReloadAssembly (121ms)
			ExecutionOrderSort (0ms)
			DisableScriptedObjects (4ms)
			BackupInstance (0ms)
			ReleaseScriptingObjects (0ms)
			CreateAndSetChildDomain (34ms)
		EndReloadAssembly (992ms)
			LoadAssemblies (77ms)
			RebuildTransferFunctionScriptingTraits (0ms)
			SetupTypeCache (221ms)
			ReleaseScriptCaches (2ms)
			RebuildScriptCaches (42ms)
			SetupLoadedEditorAssemblies (501ms)
				LogAssemblyErrors (0ms)
				InitializePlatformSupportModulesInManaged (13ms)
				SetLoadedEditorAssemblies (0ms)
				RefreshPlugins (2ms)
				BeforeProcessingInitializeOnLoad (63ms)
				ProcessInitializeOnLoadAttributes (378ms)
				ProcessInitializeOnLoadMethodAttributes (36ms)
				AfterProcessingInitializeOnLoad (8ms)
				EditorAssembliesLoaded (0ms)
			ExecutionOrderSort2 (0ms)
			AwakeInstancesAfterBackupRestoration (9ms)
Platform modules already initialized, skipping
Refreshing native plugins compatible for Editor in 0.99 ms, found 11 plugins.
Preloading 1 native plugins for Editor in 0.08 ms.
Unloading 3732 Unused Serialized files (Serialized files now loaded: 0)
Unloading 38 unused Assets / (25.6 KB). Loaded Objects now: 4264.
Memory consumption went from 159.5 MB to 159.5 MB.
Total: 3.440800 ms (FindLiveObjects: 0.390000 ms CreateObjectMapping: 0.390400 ms MarkObjects: 2.620400 ms  DeleteObjects: 0.039200 ms)

AssetImportParameters requested are different than current active one (requested -> active):
  custom:video-decoder-ogg-theora: a1e56fd34408186e4bbccfd4996cb3dc -> 
  custom:container-muxer-webm: aa71ff27fc2769a1b78a27578f13a17b -> 
  custom:container-demuxer-webm: 4f35f7cbe854078d1ac9338744f61a02 -> 
  custom:video-encoder-webm-vp8: eb34c28f22e8b96e1ab97ce403110664 -> 
  custom:audio-encoder-webm-vorbis: bf7c407c2cedff20999df2af8eb42d56 -> 
  custom:framework-win-MediaFoundation: 216162199b28c13a410421893ffa2e32 -> 
  custom:container-demuxer-ogg: 62fdf1f143b41e24485cea50d1cbac27 -> 
  custom:video-decoder-webm-vp8: 9c59270c3fd7afecdb556c50c9e8de78 -> 
  custom:audio-decoder-ogg-vorbis: bf7c407c2cedff20999df2af8eb42d56 -> 
========================================================================
Received Prepare
Registering precompiled user dll's ...
Registered in 0.009451 seconds.
Begin MonoManager ReloadAssembly
Symbol file LoadedFromMemory doesn't match image C:\Users\abueckle\Desktop\NCICancerLab\Library\PackageCache\com.unity.visualscripting@1.7.2\Editor\VisualScripting.Core\Dependencies\YamlDotNet\Unity.VisualScripting.YamlDotNet.dll
Symbol file LoadedFromMemory doesn't match image C:\Users\abueckle\Desktop\NCICancerLab\Library\PackageCache\com.unity.visualscripting@1.7.2\Editor\VisualScripting.Core\Dependencies\DotNetZip\Unity.VisualScripting.IonicZip.dll
Native extension for WindowsStandalone target not found
Native extension for WebGL target not found
Refreshing native plugins compatible for Editor in 1.54 ms, found 11 plugins.
Preloading 1 native plugins for Editor in 0.15 ms.
System.Reflection.TargetInvocationException: Exception has been thrown by the target of an invocation. ---> System.NullReferenceException: Object reference not set to an instance of an object
  at Unity.XR.Oculus.OculusLoader.AssetPathToAbsolutePath (System.String assetPath) [0x0003d] in C:\Users\abueckle\Desktop\NCICancerLab\Library\PackageCache\com.unity.xr.oculus@1.10.0\Runtime\OculusLoader.cs:250 
  at Unity.XR.Oculus.OculusLoader.EditorLoadOVRPlugin () [0x0007b] in C:\Users\abueckle\Desktop\NCICancerLab\Library\PackageCache\com.unity.xr.oculus@1.10.0\Runtime\OculusLoader.cs:235 
  at (wrapper managed-to-native) System.Reflection.RuntimeMethodInfo.InternalInvoke(System.Reflection.RuntimeMethodInfo,object,object[],System.Exception&)
  at System.Reflection.RuntimeMethodInfo.Invoke (System.Object obj, System.Reflection.BindingFlags invokeAttr, System.Reflection.Binder binder, System.Object[] parameters, System.Globalization.CultureInfo culture) [0x0006a] in <7b5f9a2f7db343a4ab54846ed680277b>:0 
   --- End of inner exception stack trace ---
  at System.Reflection.RuntimeMethodInfo.Invoke (System.Object obj, System.Reflection.BindingFlags invokeAttr, System.Reflection.Binder binder, System.Object[] parameters, System.Globalization.CultureInfo culture) [0x00083] in <7b5f9a2f7db343a4ab54846ed680277b>:0 
  at System.Reflection.MethodBase.Invoke (System.Object obj, System.Object[] parameters) [0x00000] in <7b5f9a2f7db343a4ab54846ed680277b>:0 
  at UnityEditor.EditorAssemblies.ProcessInitializeOnLoadMethodAttributes () [0x000a5] in <12f9706bdb064a6c8a1d1b6f565a0097>:0 
UnityEngine.StackTraceUtility:ExtractStackTrace ()
UnityEngine.DebugLogHandler:LogFormat (UnityEngine.LogType,UnityEngine.Object,string,object[])
UnityEngine.Logger:Log (UnityEngine.LogType,object)
UnityEngine.Debug:LogError (object)
UnityEditor.EditorAssemblies:ProcessInitializeOnLoadMethodAttributes ()

Mono: successfully reloaded assembly
- Completed reload, in  1.410 seconds
Domain Reload Profiling:
	ReloadAssembly (1411ms)
		BeginReloadAssembly (169ms)
			ExecutionOrderSort (0ms)
			DisableScriptedObjects (6ms)
			BackupInstance (0ms)
			ReleaseScriptingObjects (0ms)
			CreateAndSetChildDomain (51ms)
		EndReloadAssembly (1103ms)
			LoadAssemblies (116ms)
			RebuildTransferFunctionScriptingTraits (0ms)
			SetupTypeCache (318ms)
			ReleaseScriptCaches (2ms)
			RebuildScriptCaches (48ms)
			SetupLoadedEditorAssemblies (479ms)
				LogAssemblyErrors (0ms)
				InitializePlatformSupportModulesInManaged (14ms)
				SetLoadedEditorAssemblies (0ms)
				RefreshPlugins (2ms)
				BeforeProcessingInitializeOnLoad (71ms)
				ProcessInitializeOnLoadAttributes (349ms)
				ProcessInitializeOnLoadMethodAttributes (35ms)
				AfterProcessingInitializeOnLoad (8ms)
				EditorAssembliesLoaded (0ms)
			ExecutionOrderSort2 (0ms)
			AwakeInstancesAfterBackupRestoration (9ms)
Platform modules already initialized, skipping
Refreshing native plugins compatible for Editor in 1.20 ms, found 11 plugins.
Preloading 1 native plugins for Editor in 0.08 ms.
Unloading 3732 Unused Serialized files (Serialized files now loaded: 0)
Unloading 38 unused Assets / (25.7 KB). Loaded Objects now: 4267.
Memory consumption went from 159.5 MB to 159.5 MB.
Total: 4.029600 ms (FindLiveObjects: 0.363800 ms CreateObjectMapping: 0.431200 ms MarkObjects: 3.201300 ms  DeleteObjects: 0.031900 ms)

AssetImportParameters requested are different than current active one (requested -> active):
  custom:video-decoder-ogg-theora: a1e56fd34408186e4bbccfd4996cb3dc -> 
  custom:container-muxer-webm: aa71ff27fc2769a1b78a27578f13a17b -> 
  custom:container-demuxer-webm: 4f35f7cbe854078d1ac9338744f61a02 -> 
  custom:video-encoder-webm-vp8: eb34c28f22e8b96e1ab97ce403110664 -> 
  custom:audio-encoder-webm-vorbis: bf7c407c2cedff20999df2af8eb42d56 -> 
  custom:framework-win-MediaFoundation: 216162199b28c13a410421893ffa2e32 -> 
  custom:container-demuxer-ogg: 62fdf1f143b41e24485cea50d1cbac27 -> 
  custom:video-decoder-webm-vp8: 9c59270c3fd7afecdb556c50c9e8de78 -> 
  custom:audio-decoder-ogg-vorbis: bf7c407c2cedff20999df2af8eb42d56 -> 
