Using pre-set license
Built from '2021.2/release' branch; Version is '2021.2.0f1 (4bf1ec4b23c9) revision 4977132'; Using compiler version '192829333'; Build Type 'Release'
OS: 'Windows 10 Enterprise; OS build 18363.1854; Version 1909; 64bit' Language: 'en' Physical Memory: 32586 MB
BatchMode: 1, IsHumanControllingUs: 0, StartBugReporterOnCrash: 0, Is64bit: 1, IsPro: 0

COMMAND LINE ARGUMENTS:
C:\Program Files\Unity\Hub\Editor\2021.2.0f1\Editor\Unity.exe
-adb2
-batchMode
-noUpm
-name
AssetImportWorker0
-projectPath
C:/Users/abueckle/Desktop/NCICancerLab
-logFile
Logs/AssetImportWorker0.log
-srvPort
62350
Successfully changed project path to: C:/Users/abueckle/Desktop/NCICancerLab
C:/Users/abueckle/Desktop/NCICancerLab
[UnityMemory] Configuration Parameters - Can be set up in boot.config
    "memorysetup-bucket-allocator-granularity=16"
    "memorysetup-bucket-allocator-bucket-count=8"
    "memorysetup-bucket-allocator-block-size=33554432"
    "memorysetup-bucket-allocator-block-count=8"
    "memorysetup-main-allocator-block-size=16777216"
    "memorysetup-thread-allocator-block-size=16777216"
    "memorysetup-gfx-main-allocator-block-size=16777216"
    "memorysetup-gfx-thread-allocator-block-size=16777216"
    "memorysetup-cache-allocator-block-size=4194304"
    "memorysetup-typetree-allocator-block-size=2097152"
    "memorysetup-profiler-bucket-allocator-granularity=16"
    "memorysetup-profiler-bucket-allocator-bucket-count=8"
    "memorysetup-profiler-bucket-allocator-block-size=33554432"
    "memorysetup-profiler-bucket-allocator-block-count=8"
    "memorysetup-profiler-allocator-block-size=16777216"
    "memorysetup-profiler-editor-allocator-block-size=1048576"
    "memorysetup-temp-allocator-size-main=16777216"
    "memorysetup-job-temp-allocator-block-size=2097152"
    "memorysetup-job-temp-allocator-block-size-background=1048576"
    "memorysetup-job-temp-allocator-reduction-small-platforms=262144"
    "memorysetup-temp-allocator-size-background-worker=32768"
    "memorysetup-temp-allocator-size-job-worker=262144"
    "memorysetup-temp-allocator-size-preload-manager=33554432"
    "memorysetup-temp-allocator-size-nav-mesh-worker=65536"
    "memorysetup-temp-allocator-size-audio-worker=65536"
    "memorysetup-temp-allocator-size-cloud-worker=32768"
    "memorysetup-temp-allocator-size-gi-baking-worker=262144"
    "memorysetup-temp-allocator-size-gfx=262144"
Refreshing native plugins compatible for Editor in 72.88 ms, found 3 plugins.
Preloading 0 native plugins for Editor in 0.00 ms.
Initialize engine version: 2021.2.0f1 (4bf1ec4b23c9)
[Subsystems] Discovering subsystems at path C:/Program Files/Unity/Hub/Editor/2021.2.0f1/Editor/Data/Resources/UnitySubsystems
[Subsystems] Discovering subsystems at path C:/Users/abueckle/Desktop/NCICancerLab/Assets
GfxDevice: creating device client; threaded=0; jobified=0
Direct3D:
    Version:  Direct3D 11.0 [level 11.1]
    Renderer: NVIDIA GeForce RTX 2080 Super (ID=0x1e93)
    Vendor:   NVIDIA
    VRAM:     8010 MB
    Driver:   30.0.14.9613
Shader 'TextMeshPro/Distance Field': fallback shader 'TextMeshPro/Mobile/Distance Field' not found
Shader 'TextMeshPro/Distance Field Overlay': fallback shader 'TextMeshPro/Mobile/Distance Field' not found
Initialize mono
Mono path[0] = 'C:/Program Files/Unity/Hub/Editor/2021.2.0f1/Editor/Data/Managed'
Mono path[1] = 'C:/Program Files/Unity/Hub/Editor/2021.2.0f1/Editor/Data/MonoBleedingEdge/lib/mono/unityjit-win32'
Mono config path = 'C:/Program Files/Unity/Hub/Editor/2021.2.0f1/Editor/Data/MonoBleedingEdge/etc'
Using monoOptions --debugger-agent=transport=dt_socket,embedding=1,server=y,suspend=n,address=127.0.0.1:56364
Begin MonoManager ReloadAssembly
Registering precompiled unity dll's ...
Register platform support module: C:/Program Files/Unity/Hub/Editor/2021.2.0f1/Editor/Data/PlaybackEngines/WebGLSupport/UnityEditor.WebGL.Extensions.dll
Register platform support module: C:/Program Files/Unity/Hub/Editor/2021.2.0f1/Editor/Data/PlaybackEngines/WindowsStandaloneSupport/UnityEditor.WindowsStandalone.Extensions.dll
Registered in 0.007402 seconds.
Native extension for WindowsStandalone target not found
Native extension for WebGL target not found
Refreshing native plugins compatible for Editor in 95.59 ms, found 3 plugins.
Preloading 0 native plugins for Editor in 0.00 ms.
Mono: successfully reloaded assembly
- Completed reload, in  1.045 seconds
Domain Reload Profiling:
	ReloadAssembly (1045ms)
		BeginReloadAssembly (65ms)
			ExecutionOrderSort (0ms)
			DisableScriptedObjects (0ms)
			BackupInstance (0ms)
			ReleaseScriptingObjects (0ms)
			CreateAndSetChildDomain (1ms)
		EndReloadAssembly (517ms)
			LoadAssemblies (63ms)
			RebuildTransferFunctionScriptingTraits (0ms)
			SetupTypeCache (114ms)
			ReleaseScriptCaches (0ms)
			RebuildScriptCaches (34ms)
			SetupLoadedEditorAssemblies (316ms)
				LogAssemblyErrors (0ms)
				InitializePlatformSupportModulesInManaged (10ms)
				SetLoadedEditorAssemblies (0ms)
				RefreshPlugins (96ms)
				BeforeProcessingInitializeOnLoad (1ms)
				ProcessInitializeOnLoadAttributes (162ms)
				ProcessInitializeOnLoadMethodAttributes (46ms)
				AfterProcessingInitializeOnLoad (0ms)
				EditorAssembliesLoaded (0ms)
			ExecutionOrderSort2 (0ms)
			AwakeInstancesAfterBackupRestoration (0ms)
Platform modules already initialized, skipping
Registering precompiled user dll's ...
Registered in 0.004530 seconds.
Begin MonoManager ReloadAssembly
Symbol file LoadedFromMemory doesn't match image C:\Users\abueckle\Desktop\NCICancerLab\Library\PackageCache\com.unity.visualscripting@1.7.2\Editor\VisualScripting.Core\Dependencies\YamlDotNet\Unity.VisualScripting.YamlDotNet.dll
Symbol file LoadedFromMemory doesn't match image C:\Users\abueckle\Desktop\NCICancerLab\Library\PackageCache\com.unity.visualscripting@1.7.2\Editor\VisualScripting.Core\Dependencies\DotNetZip\Unity.VisualScripting.IonicZip.dll
Native extension for WindowsStandalone target not found
Native extension for WebGL target not found
Refreshing native plugins compatible for Editor in 0.68 ms, found 3 plugins.
Preloading 0 native plugins for Editor in 0.00 ms.
Mono: successfully reloaded assembly
- Completed reload, in  1.027 seconds
Domain Reload Profiling:
	ReloadAssembly (1028ms)
		BeginReloadAssembly (168ms)
			ExecutionOrderSort (0ms)
			DisableScriptedObjects (5ms)
			BackupInstance (0ms)
			ReleaseScriptingObjects (0ms)
			CreateAndSetChildDomain (20ms)
		EndReloadAssembly (765ms)
			LoadAssemblies (72ms)
			RebuildTransferFunctionScriptingTraits (0ms)
			SetupTypeCache (212ms)
			ReleaseScriptCaches (1ms)
			RebuildScriptCaches (50ms)
			SetupLoadedEditorAssemblies (334ms)
				LogAssemblyErrors (0ms)
				InitializePlatformSupportModulesInManaged (13ms)
				SetLoadedEditorAssemblies (0ms)
				RefreshPlugins (1ms)
				BeforeProcessingInitializeOnLoad (71ms)
				ProcessInitializeOnLoadAttributes (222ms)
				ProcessInitializeOnLoadMethodAttributes (20ms)
				AfterProcessingInitializeOnLoad (7ms)
				EditorAssembliesLoaded (0ms)
			ExecutionOrderSort2 (0ms)
			AwakeInstancesAfterBackupRestoration (7ms)
Platform modules already initialized, skipping
========================================================================
Worker process is ready to serve import requests
Launched and connected shader compiler UnityShaderCompiler.exe after 0.06 seconds
Refreshing native plugins compatible for Editor in 0.80 ms, found 3 plugins.
Preloading 0 native plugins for Editor in 0.00 ms.
Unloading 3090 Unused Serialized files (Serialized files now loaded: 0)
Unloading 23 unused Assets / (55.9 KB). Loaded Objects now: 3549.
Memory consumption went from 113.9 MB to 113.8 MB.
Total: 3.434700 ms (FindLiveObjects: 0.354700 ms CreateObjectMapping: 0.298100 ms MarkObjects: 2.692400 ms  DeleteObjects: 0.088400 ms)

AssetImportParameters requested are different than current active one (requested -> active):
  custom:video-decoder-ogg-theora: a1e56fd34408186e4bbccfd4996cb3dc -> 
  custom:container-muxer-webm: aa71ff27fc2769a1b78a27578f13a17b -> 
  custom:container-demuxer-webm: 4f35f7cbe854078d1ac9338744f61a02 -> 
  custom:video-encoder-webm-vp8: eb34c28f22e8b96e1ab97ce403110664 -> 
  custom:audio-encoder-webm-vorbis: bf7c407c2cedff20999df2af8eb42d56 -> 
  custom:framework-win-MediaFoundation: 216162199b28c13a410421893ffa2e32 -> 
  custom:container-demuxer-ogg: 62fdf1f143b41e24485cea50d1cbac27 -> 
  custom:video-decoder-webm-vp8: 9c59270c3fd7afecdb556c50c9e8de78 -> 
  custom:audio-decoder-ogg-vorbis: bf7c407c2cedff20999df2af8eb42d56 -> 
========================================================================
Received Import Request.
  Time since last request: 157159.308412 seconds.
  path: Assets/NewLayer.terrainlayer
  artifactKey: Guid(75aa14ddcfb26b545b06fe8de6717b27) Importer(815301076,1909f56bfc062723c751e8b465ee728b)
Start importing Assets/NewLayer.terrainlayer using Guid(75aa14ddcfb26b545b06fe8de6717b27) Importer(815301076,1909f56bfc062723c751e8b465ee728b)  -> (artifact id: 'b0a7eb6f2616ca7aaeefc3fb5beae6d3') in 0.083053 seconds 
========================================================================
Received Import Request.
  Time since last request: 0.000019 seconds.
  path: Assets/Untitled.png
  artifactKey: Guid(faf7a9b88bde3594faa5f3696cc42966) Importer(815301076,1909f56bfc062723c751e8b465ee728b)
Start importing Assets/Untitled.png using Guid(faf7a9b88bde3594faa5f3696cc42966) Importer(815301076,1909f56bfc062723c751e8b465ee728b)  -> (artifact id: '1b0ed1e208d18c1e6dbd317e4d0de81d') in 0.072724 seconds 
========================================================================
Received Import Request.
  Time since last request: 68.946018 seconds.
  path: Assets/Scenes/collogen3.fbx
  artifactKey: Guid(d1929fc4960e9fe49b4188b5fc8b9626) Importer(815301076,1909f56bfc062723c751e8b465ee728b)
Start importing Assets/Scenes/collogen3.fbx using Guid(d1929fc4960e9fe49b4188b5fc8b9626) Importer(815301076,1909f56bfc062723c751e8b465ee728b)  -> (artifact id: 'f1427e24b510b035dd774684deeb2741') in 0.343778 seconds 
========================================================================
Received Import Request.
  Time since last request: 0.000020 seconds.
  path: Assets/Scenes/New Material.mat
  artifactKey: Guid(aa7dda40b4d43214c9cf6691dfbe371c) Importer(815301076,1909f56bfc062723c751e8b465ee728b)
Start importing Assets/Scenes/New Material.mat using Guid(aa7dda40b4d43214c9cf6691dfbe371c) Importer(815301076,1909f56bfc062723c751e8b465ee728b)  -> (artifact id: 'b3416411fe6009905971b509529865eb') in 0.154660 seconds 
========================================================================
Received Import Request.
  Time since last request: 1.492997 seconds.
  path: Assets/Scenes/Multiverse.unity
  artifactKey: Guid(cce903228ae18344fad56a99461e12c3) Importer(815301076,1909f56bfc062723c751e8b465ee728b)
Start importing Assets/Scenes/Multiverse.unity using Guid(cce903228ae18344fad56a99461e12c3) Importer(815301076,1909f56bfc062723c751e8b465ee728b)  -> (artifact id: 'c6a9a606f6ed4cf6a645012f104029bc') in 0.006512 seconds 
========================================================================
Received Import Request.
  Time since last request: 1.136527 seconds.
  path: Assets/Scenes/New Scene 1.unity
  artifactKey: Guid(a8dd52ddb050c364ea3e22c0f084b02c) Importer(815301076,1909f56bfc062723c751e8b465ee728b)
Start importing Assets/Scenes/New Scene 1.unity using Guid(a8dd52ddb050c364ea3e22c0f084b02c) Importer(815301076,1909f56bfc062723c751e8b465ee728b)  -> (artifact id: '9a85a3ff30edf8182f4b26528d2a5b56') in 0.006654 seconds 
========================================================================
Received Import Request.
  Time since last request: 76.045002 seconds.
  path: Assets/Materials
  artifactKey: Guid(96564cd6d3f858a439e2801e93cfc78e) Importer(815301076,1909f56bfc062723c751e8b465ee728b)
Start importing Assets/Materials using Guid(96564cd6d3f858a439e2801e93cfc78e) Importer(815301076,1909f56bfc062723c751e8b465ee728b)  -> (artifact id: '2ceb2cc5d79bd914480f96bbe94f0f2e') in 0.006297 seconds 
========================================================================
Received Import Request.
  Time since last request: 0.030620 seconds.
  path: Assets/Materials/bogdan-karlenko-36b7JBzhfF4-unsplash.mat
  artifactKey: Guid(7d67e66e4b9f59742bdb0d4f3c70d478) Importer(815301076,1909f56bfc062723c751e8b465ee728b)
Start importing Assets/Materials/bogdan-karlenko-36b7JBzhfF4-unsplash.mat using Guid(7d67e66e4b9f59742bdb0d4f3c70d478) Importer(815301076,1909f56bfc062723c751e8b465ee728b)  -> (artifact id: '9d43bb24f00d25b7981f8ec3e5e90a16') in 0.018586 seconds 
========================================================================
Received Import Request.
  Time since last request: 0.000030 seconds.
  path: Assets/Materials/New Material 3.mat
  artifactKey: Guid(e30a629199ed01b4db4bf2e31ef0426e) Importer(815301076,1909f56bfc062723c751e8b465ee728b)
Start importing Assets/Materials/New Material 3.mat using Guid(e30a629199ed01b4db4bf2e31ef0426e) Importer(815301076,1909f56bfc062723c751e8b465ee728b)  -> (artifact id: '67f474041ec020cc985f74f73770d6ad') in 0.017203 seconds 
========================================================================
Received Import Request.
  Time since last request: 0.000024 seconds.
  path: Assets/Materials/luke-chesser-LG8ToawE8WQ-unsplash.mat
  artifactKey: Guid(a928d6c2b477cd04595281dc68e16517) Importer(815301076,1909f56bfc062723c751e8b465ee728b)
Start importing Assets/Materials/luke-chesser-LG8ToawE8WQ-unsplash.mat using Guid(a928d6c2b477cd04595281dc68e16517) Importer(815301076,1909f56bfc062723c751e8b465ee728b)  -> (artifact id: '485d90b59b366bf4af76ddcffd84ac2d') in 0.017611 seconds 
========================================================================
Received Import Request.
  Time since last request: 0.000019 seconds.
  path: Assets/Materials/sigmund-_dJCBtdUu74-unsplash.mat
  artifactKey: Guid(481df26c6f7b328419228647bc856158) Importer(815301076,1909f56bfc062723c751e8b465ee728b)
Start importing Assets/Materials/sigmund-_dJCBtdUu74-unsplash.mat using Guid(481df26c6f7b328419228647bc856158) Importer(815301076,1909f56bfc062723c751e8b465ee728b)  -> (artifact id: 'c47497ba008ab00d4ecf96993dff983c') in 0.015829 seconds 
Editor requested this worker to shutdown with reason: Scaling down because of idle timeout
AssetImportWorker is now disconnected from the server
Process exiting
Exiting without the bug reporter. Application will terminate with return code 0